<?xml version="1.0" encoding="UTF-8"?>
<testsuite name="ProductTest" tests="4" skipped="0" failures="0" errors="0" timestamp="2021-02-26T19:44:16" hostname="DESKTOP-CA21F96" time="0.996">
  <properties/>
  <testcase name="productCanBeAddedAndDuplicateProductThrowsProductAlreadyExistedException()" classname="ProductTest" time="0.932"/>
  <testcase name="totalValueOfDaysTradedProductsIsValid()" classname="ProductTest" time="0.022"/>
  <testcase name="productTradedQuantityIsValid()" classname="ProductTest" time="0.01"/>
  <testcase name="productCanBeTraded()" classname="ProductTest" time="0.014"/>
  <system-out><![CDATA[]]></system-out>
  <system-err><![CDATA[]]></system-err>
</testsuite>
